[0.355s] DEBUG:colcon:Command line arguments: ['/usr/bin/colcon', 'build']
[0.355s] DEBUG:colcon:Parsed command line arguments: Namespace(log_base=None, log_level=None, verb_name='build', build_base='build', install_base='install', merge_install=False, symlink_install=False, test_result_base=None, continue_on_error=False, executor='parallel', parallel_workers=4, event_handlers=None, ignore_user_meta=False, metas=['./colcon.meta'], base_paths=['.'], packages_ignore=None, packages_ignore_regex=None, paths=None, packages_up_to=None, packages_up_to_regex=None, packages_above=None, packages_above_and_dependencies=None, packages_above_depth=None, packages_select_by_dep=None, packages_skip_by_dep=None, packages_skip_up_to=None, packages_select_build_failed=False, packages_skip_build_finished=False, packages_select_test_failures=False, packages_skip_test_passed=False, packages_select=None, packages_skip=None, packages_select_regex=None, packages_skip_regex=None, packages_start=None, packages_end=None, cmake_args=None, cmake_target=None, cmake_target_skip_unavailable=False, cmake_clean_cache=False, cmake_clean_first=False, cmake_force_configure=False, ament_cmake_args=None, catkin_cmake_args=None, catkin_skip_building_tests=False, verb_parser=<colcon_defaults.argument_parser.defaults.DefaultArgumentsDecorator object at 0x7f926985f0>, verb_extension=<colcon_core.verb.build.BuildVerb object at 0x7f93271cd0>, main=<bound method BuildVerb.main of <colcon_core.verb.build.BuildVerb object at 0x7f93271cd0>>)
[0.503s] Level 1:colcon.colcon_core.package_discovery:discover_packages(colcon_meta) check parameters
[0.504s] Level 1:colcon.colcon_core.package_discovery:discover_packages(recursive) check parameters
[0.504s] Level 1:colcon.colcon_core.package_discovery:discover_packages(ignore) check parameters
[0.504s] Level 1:colcon.colcon_core.package_discovery:discover_packages(path) check parameters
[0.504s] Level 1:colcon.colcon_core.package_discovery:discover_packages(colcon_meta) discover
[0.505s] Level 1:colcon.colcon_core.package_discovery:discover_packages(recursive) discover
[0.505s] INFO:colcon.colcon_core.package_discovery:Crawling recursively for packages in '/jetracer_ws/src/jetracerWork'
[0.506s] Level 1:colcon.colcon_core.package_identification:_identify(.) by extensions ['ignore', 'ignore_ament_install']
[0.506s] Level 1:colcon.colcon_core.package_identification:_identify(.) by extension 'ignore'
[0.506s] Level 1:colcon.colcon_core.package_identification:_identify(.) by extension 'ignore_ament_install'
[0.506s] Level 1:colcon.colcon_core.package_identification:_identify(.) by extensions ['colcon_pkg']
[0.507s] Level 1:colcon.colcon_core.package_identification:_identify(.) by extension 'colcon_pkg'
[0.507s] Level 1:colcon.colcon_core.package_identification:_identify(.) by extensions ['colcon_meta']
[0.507s] Level 1:colcon.colcon_core.package_identification:_identify(.) by extension 'colcon_meta'
[0.507s] Level 1:colcon.colcon_core.package_identification:_identify(.) by extensions ['ros']
[0.507s] Level 1:colcon.colcon_core.package_identification:_identify(.) by extension 'ros'
[0.612s] Level 1:colcon.colcon_core.package_identification:_identify(.) by extensions ['cmake', 'python']
[0.612s] Level 1:colcon.colcon_core.package_identification:_identify(.) by extension 'cmake'
[0.613s] Level 1:colcon.colcon_core.package_identification:_identify(.) by extension 'python'
[0.613s] Level 1:colcon.colcon_core.package_identification:_identify(.) by extensions ['python_setup_py']
[0.613s] Level 1:colcon.colcon_core.package_identification:_identify(.) by extension 'python_setup_py'
[0.613s] Level 1:colcon.colcon_core.package_identification:_identify(build) by extensions ['ignore', 'ignore_ament_install']
[0.614s] Level 1:colcon.colcon_core.package_identification:_identify(build) by extension 'ignore'
[0.614s] Level 1:colcon.colcon_core.package_identification:_identify(build) ignored
[0.614s] Level 1:colcon.colcon_core.package_identification:_identify(install) by extensions ['ignore', 'ignore_ament_install']
[0.615s] Level 1:colcon.colcon_core.package_identification:_identify(install) by extension 'ignore'
[0.615s] Level 1:colcon.colcon_core.package_identification:_identify(install) ignored
[0.615s] Level 1:colcon.colcon_core.package_identification:_identify(jetracer_ros) by extensions ['ignore', 'ignore_ament_install']
[0.616s] Level 1:colcon.colcon_core.package_identification:_identify(jetracer_ros) by extension 'ignore'
[0.616s] Level 1:colcon.colcon_core.package_identification:_identify(jetracer_ros) ignored
[0.616s] Level 1:colcon.colcon_core.package_identification:_identify(jetracer_ros2) by extensions ['ignore', 'ignore_ament_install']
[0.616s] Level 1:colcon.colcon_core.package_identification:_identify(jetracer_ros2) by extension 'ignore'
[0.617s] Level 1:colcon.colcon_core.package_identification:_identify(jetracer_ros2) by extension 'ignore_ament_install'
[0.617s] Level 1:colcon.colcon_core.package_identification:_identify(jetracer_ros2) by extensions ['colcon_pkg']
[0.617s] Level 1:colcon.colcon_core.package_identification:_identify(jetracer_ros2) by extension 'colcon_pkg'
[0.617s] Level 1:colcon.colcon_core.package_identification:_identify(jetracer_ros2) by extensions ['colcon_meta']
[0.617s] Level 1:colcon.colcon_core.package_identification:_identify(jetracer_ros2) by extension 'colcon_meta'
[0.618s] Level 1:colcon.colcon_core.package_identification:_identify(jetracer_ros2) by extensions ['ros']
[0.618s] Level 1:colcon.colcon_core.package_identification:_identify(jetracer_ros2) by extension 'ros'
[0.629s] DEBUG:colcon.colcon_core.package_identification:Package 'jetracer_ros2' with type 'ros.ament_cmake' and name 'jetracer_ros2'
[0.630s] Level 1:colcon.colcon_core.package_identification:_identify(log) by extensions ['ignore', 'ignore_ament_install']
[0.630s] Level 1:colcon.colcon_core.package_identification:_identify(log) by extension 'ignore'
[0.630s] Level 1:colcon.colcon_core.package_identification:_identify(log) ignored
[0.630s] Level 1:colcon.colcon_core.package_discovery:discover_packages(recursive) using defaults
[0.630s] Level 1:colcon.colcon_core.package_discovery:discover_packages(ignore) discover
[0.631s] Level 1:colcon.colcon_core.package_discovery:discover_packages(ignore) using defaults
[0.631s] Level 1:colcon.colcon_core.package_discovery:discover_packages(path) discover
[0.631s] Level 1:colcon.colcon_core.package_discovery:discover_packages(path) using defaults
[0.702s] Level 5:colcon.colcon_core.verb:set package 'jetracer_ros2' build argument 'cmake_args' from command line to 'None'
[0.702s] Level 5:colcon.colcon_core.verb:set package 'jetracer_ros2' build argument 'cmake_target' from command line to 'None'
[0.702s] Level 5:colcon.colcon_core.verb:set package 'jetracer_ros2' build argument 'cmake_target_skip_unavailable' from command line to 'False'
[0.702s] Level 5:colcon.colcon_core.verb:set package 'jetracer_ros2' build argument 'cmake_clean_cache' from command line to 'False'
[0.702s] Level 5:colcon.colcon_core.verb:set package 'jetracer_ros2' build argument 'cmake_clean_first' from command line to 'False'
[0.702s] Level 5:colcon.colcon_core.verb:set package 'jetracer_ros2' build argument 'cmake_force_configure' from command line to 'False'
[0.702s] Level 5:colcon.colcon_core.verb:set package 'jetracer_ros2' build argument 'ament_cmake_args' from command line to 'None'
[0.703s] Level 5:colcon.colcon_core.verb:set package 'jetracer_ros2' build argument 'catkin_cmake_args' from command line to 'None'
[0.703s] Level 5:colcon.colcon_core.verb:set package 'jetracer_ros2' build argument 'catkin_skip_building_tests' from command line to 'False'
[0.703s] DEBUG:colcon.colcon_core.verb:Building package 'jetracer_ros2' with the following arguments: {'ament_cmake_args': None, 'build_base': '/jetracer_ws/src/jetracerWork/build/jetracer_ros2', 'catkin_cmake_args': None, 'catkin_skip_building_tests': False, 'cmake_args': None, 'cmake_clean_cache': False, 'cmake_clean_first': False, 'cmake_force_configure': False, 'cmake_target': None, 'cmake_target_skip_unavailable': False, 'install_base': '/jetracer_ws/src/jetracerWork/install/jetracer_ros2', 'merge_install': False, 'path': '/jetracer_ws/src/jetracerWork/jetracer_ros2', 'symlink_install': False, 'test_result_base': None}
[0.703s] INFO:colcon.colcon_core.executor:Executing jobs using 'parallel' executor
[0.706s] DEBUG:colcon.colcon_parallel_executor.executor.parallel:run_until_complete
[0.707s] INFO:colcon.colcon_ros.task.ament_cmake.build:Building ROS package in '/jetracer_ws/src/jetracerWork/jetracer_ros2' with build type 'ament_cmake'
[0.707s] INFO:colcon.colcon_cmake.task.cmake.build:Building CMake package in '/jetracer_ws/src/jetracerWork/jetracer_ros2'
[0.715s] INFO:colcon.colcon_core.plugin_system:Skipping extension 'colcon_core.shell.bat': Not used on non-Windows systems
[0.716s] INFO:colcon.colcon_core.shell:Skip shell extension 'powershell' for command environment: Not usable outside of PowerShell
[0.716s] DEBUG:colcon.colcon_core.shell:Skip shell extension 'dsv' for command environment
[0.736s] DEBUG:colcon.colcon_core.event_handler.log_command:Invoking command in '/jetracer_ws/src/jetracerWork/build/jetracer_ros2': /opt/venv/bin/cmake /jetracer_ws/src/jetracerWork/jetracer_ros2 -DCMAKE_INSTALL_PREFIX=/jetracer_ws/src/jetracerWork/install/jetracer_ros2
[1.474s] DEBUG:colcon.colcon_core.event_handler.log_command:Invoked command in '/jetracer_ws/src/jetracerWork/build/jetracer_ros2' returned '1': /opt/venv/bin/cmake /jetracer_ws/src/jetracerWork/jetracer_ros2 -DCMAKE_INSTALL_PREFIX=/jetracer_ws/src/jetracerWork/install/jetracer_ros2
[2.108s] Level 1:colcon.colcon_core.environment:create_environment_scripts_only(jetracer_ros2)
[2.118s] Level 1:colcon.colcon_core.environment:checking '/jetracer_ws/src/jetracerWork/install/jetracer_ros2' for CMake module files
[2.120s] Level 1:colcon.colcon_core.environment:checking '/jetracer_ws/src/jetracerWork/install/jetracer_ros2' for CMake config files
[2.122s] Level 1:colcon.colcon_core.environment:checking '/jetracer_ws/src/jetracerWork/install/jetracer_ros2/bin'
[2.122s] Level 1:colcon.colcon_core.environment:checking '/jetracer_ws/src/jetracerWork/install/jetracer_ros2/lib/pkgconfig/jetracer_ros2.pc'
[2.126s] Level 1:colcon.colcon_core.environment:checking '/jetracer_ws/src/jetracerWork/install/jetracer_ros2/lib/python3.12/site-packages'
[2.127s] Level 1:colcon.colcon_core.environment:checking '/jetracer_ws/src/jetracerWork/install/jetracer_ros2/bin'
[2.128s] INFO:colcon.colcon_core.shell:Creating package script '/jetracer_ws/src/jetracerWork/install/jetracer_ros2/share/jetracer_ros2/package.ps1'
[2.131s] INFO:colcon.colcon_core.shell:Creating package descriptor '/jetracer_ws/src/jetracerWork/install/jetracer_ros2/share/jetracer_ros2/package.dsv'
[2.132s] INFO:colcon.colcon_core.shell:Creating package script '/jetracer_ws/src/jetracerWork/install/jetracer_ros2/share/jetracer_ros2/package.sh'
[2.134s] INFO:colcon.colcon_core.shell:Creating package script '/jetracer_ws/src/jetracerWork/install/jetracer_ros2/share/jetracer_ros2/package.bash'
[2.136s] INFO:colcon.colcon_core.shell:Creating package script '/jetracer_ws/src/jetracerWork/install/jetracer_ros2/share/jetracer_ros2/package.zsh'
[2.138s] Level 1:colcon.colcon_core.environment:create_file_with_runtime_dependencies(/jetracer_ws/src/jetracerWork/install/jetracer_ros2/share/colcon-core/packages/jetracer_ros2)
[2.149s] DEBUG:colcon.colcon_parallel_executor.executor.parallel:closing loop
[2.150s] DEBUG:colcon.colcon_parallel_executor.executor.parallel:loop closed
[2.150s] DEBUG:colcon.colcon_parallel_executor.executor.parallel:run_until_complete finished with '1'
[2.150s] DEBUG:colcon.colcon_core.event_reactor:joining thread
[2.170s] INFO:colcon.colcon_core.plugin_system:Skipping extension 'colcon_notification.desktop_notification.notify_send': Could not find 'notify-send'
[2.171s] INFO:colcon.colcon_core.plugin_system:Skipping extension 'colcon_notification.desktop_notification.terminal_notifier': Not used on non-Darwin systems
[2.171s] INFO:colcon.colcon_core.plugin_system:Skipping extension 'colcon_notification.desktop_notification.win32': Not used on non-Windows systems
[2.171s] INFO:colcon.colcon_notification.desktop_notification:Sending desktop notification using 'notify2'
[2.172s] DEBUG:colcon.colcon_notification.desktop_notification.notify2:Failed to initialize notify2: org.freedesktop.DBus.Error.NotSupported: Unable to autolaunch a dbus-daemon without a $DISPLAY for X11
[2.172s] DEBUG:colcon.colcon_core.event_reactor:joined thread
[2.173s] INFO:colcon.colcon_core.shell:Creating prefix script '/jetracer_ws/src/jetracerWork/install/local_setup.ps1'
[2.176s] INFO:colcon.colcon_core.shell:Creating prefix util module '/jetracer_ws/src/jetracerWork/install/_local_setup_util_ps1.py'
[2.180s] INFO:colcon.colcon_core.shell:Creating prefix chain script '/jetracer_ws/src/jetracerWork/install/setup.ps1'
[2.182s] INFO:colcon.colcon_core.shell:Creating prefix script '/jetracer_ws/src/jetracerWork/install/local_setup.sh'
[2.185s] INFO:colcon.colcon_core.shell:Creating prefix util module '/jetracer_ws/src/jetracerWork/install/_local_setup_util_sh.py'
[2.187s] INFO:colcon.colcon_core.shell:Creating prefix chain script '/jetracer_ws/src/jetracerWork/install/setup.sh'
[2.189s] INFO:colcon.colcon_core.shell:Creating prefix script '/jetracer_ws/src/jetracerWork/install/local_setup.bash'
[2.191s] INFO:colcon.colcon_core.shell:Creating prefix chain script '/jetracer_ws/src/jetracerWork/install/setup.bash'
[2.193s] INFO:colcon.colcon_core.shell:Creating prefix script '/jetracer_ws/src/jetracerWork/install/local_setup.zsh'
[2.195s] INFO:colcon.colcon_core.shell:Creating prefix chain script '/jetracer_ws/src/jetracerWork/install/setup.zsh'
