[0.039s] Invoking command in '/jetracer_ws/src/jetracerWork/build/jetracer_ros2': /opt/venv/bin/cmake /jetracer_ws/src/jetracerWork/jetracer_ros2 -DCMAKE_INSTALL_PREFIX=/jetracer_ws/src/jetracerWork/install/jetracer_ros2
[3.494s] -- The C compiler identification is GNU 13.3.0
[4.820s] -- The CXX compiler identification is GNU 13.3.0
[4.868s] -- Detecting C compiler ABI info
[5.109s] -- Detecting C compiler ABI info - done
[5.184s] -- Check for working C compiler: /usr/bin/cc - skipped
[5.188s] -- Detecting C compile features
[5.191s] -- Detecting C compile features - done
[5.238s] -- Detecting CXX compiler ABI info
[5.586s] -- Detecting CXX compiler ABI info - done
[5.666s] -- Check for working CXX compiler: /usr/bin/c++ - skipped
[5.670s] -- Detecting CXX compile features
[5.671s] -- Detecting CXX compile features - done
[5.755s] [31mCMake Error at CMakeLists.txt:9 (find_package):
[5.756s]   By not providing "Findament_cmake.cmake" in CMAKE_MODULE_PATH this project
[5.756s]   has asked CMake to find a package configuration file provided by
[5.756s]   "ament_cmake", but CMake did not find one.
[5.757s] 
[5.757s]   Could not find a package configuration file provided by "ament_cmake" with
[5.758s]   any of the following names:
[5.758s] 
[5.759s]     ament_cmakeConfig.cmake
[5.759s]     ament_cmake-config.cmake
[5.760s] 
[5.760s]   Add the installation prefix of "ament_cmake" to CMAKE_PREFIX_PATH or set
[5.760s]   "ament_cmake_DIR" to a directory containing one of the above files.  If
[5.761s]   "ament_cmake" provides a separate development package or SDK, be sure it
[5.761s]   has been installed.
[5.762s] 
[5.762s] [0m
[5.778s] -- Configuring incomplete, errors occurred!
[5.781s] Invoked command in '/jetracer_ws/src/jetracerWork/build/jetracer_ros2' returned '1': /opt/venv/bin/cmake /jetracer_ws/src/jetracerWork/jetracer_ros2 -DCMAKE_INSTALL_PREFIX=/jetracer_ws/src/jetracerWork/install/jetracer_ros2
