[0.027s] Invoking command in '/jetracer_ws/src/jetracerWork/build/jetracer_ros2': /opt/venv/bin/cmake /jetracer_ws/src/jetracerWork/jetracer_ros2 -DCMAKE_INSTALL_PREFIX=/jetracer_ws/src/jetracerWork/install/jetracer_ros2
[0.750s] [31mCMake Error at CMakeLists.txt:9 (find_package):
[0.752s]   By not providing "Findament_cmake.cmake" in CMAKE_MODULE_PATH this project
[0.752s]   has asked CMake to find a package configuration file provided by
[0.752s]   "ament_cmake", but CMake did not find one.
[0.753s] 
[0.753s]   Could not find a package configuration file provided by "ament_cmake" with
[0.754s]   any of the following names:
[0.756s] 
[0.758s]     ament_cmakeConfig.cmake
[0.758s]     ament_cmake-config.cmake
[0.759s] 
[0.760s]   Add the installation prefix of "ament_cmake" to CMAKE_PREFIX_PATH or set
[0.761s]   "ament_cmake_DIR" to a directory containing one of the above files.  If
[0.761s]   "ament_cmake" provides a separate development package or SDK, be sure it
[0.763s]   has been installed.
[0.764s] 
[0.764s] [0m
[0.765s] -- Configuring incomplete, errors occurred!
[0.765s] Invoked command in '/jetracer_ws/src/jetracerWork/build/jetracer_ros2' returned '1': /opt/venv/bin/cmake /jetracer_ws/src/jetracerWork/jetracer_ros2 -DCMAKE_INSTALL_PREFIX=/jetracer_ws/src/jetracerWork/install/jetracer_ros2
